[0.062s] Invoking command in '/home/sam/ros2_ws/build/samsavazzi_firstPackage': CMAKE_PREFIX_PATH=/opt/ros/foxy /usr/bin/cmake /home/sam/ros2_ws/src/samsavazzi_firstPackage -DCMAKE_INSTALL_PREFIX=/home/sam/ros2_ws/install/samsavazzi_firstPackage
[0.182s] -- The C compiler identification is GNU 9.4.0
[0.268s] -- The CXX compiler identification is GNU 9.4.0
[0.274s] -- Check for working C compiler: /usr/bin/cc
[0.315s] -- Check for working C compiler: /usr/bin/cc -- works
[0.316s] -- Detecting C compiler ABI info
[0.354s] -- Detecting C compiler ABI info - done
[0.361s] -- Detecting C compile features
[0.362s] -- Detecting C compile features - done
[0.364s] -- Check for working CXX compiler: /usr/bin/c++
[0.408s] -- Check for working CXX compiler: /usr/bin/c++ -- works
[0.408s] -- Detecting CXX compiler ABI info
[0.450s] -- Detecting CXX compiler ABI info - done
[0.458s] -- Detecting CXX compile features
[0.458s] -- Detecting CXX compile features - done
[0.462s] -- Found ament_cmake: 0.9.12 (/opt/ros/foxy/share/ament_cmake/cmake)
[0.479s] -- Found PythonInterp: /usr/bin/python3 (found suitable version "3.8.10", minimum required is "3") 
[0.479s] -- Using PYTHON_EXECUTABLE: /usr/bin/python3
[0.587s] -- Found ament_lint_auto: 0.9.8 (/opt/ros/foxy/share/ament_lint_auto/cmake)
[0.612s] WARNING: Package name "samsavazzi_firstPackage" does not follow the naming conventions. It should start with a lower case letter and only contain lower case letters, digits, underscores, and dashes.
[0.633s] -- Added test 'copyright' to check source files copyright and LICENSE
[0.634s] -- Added test 'cppcheck' to perform static code analysis on C / C++ code
[0.634s] -- Configured cppcheck include dirs: $<BUILD_INTERFACE:/home/sam/ros2_ws/src/samsavazzi_firstPackage/include>
[0.634s] -- Configured cppcheck exclude dirs and/or files: 
[0.634s] -- Added test 'cpplint' to check C / C++ code against the Google style
[0.634s] -- Configured cpplint exclude dirs and/or files: 
[0.635s] -- Added test 'lint_cmake' to check CMake code style
[0.635s] -- Added test 'uncrustify' to check C / C++ code style
[0.635s] -- Configured uncrustify additional arguments: 
[0.636s] -- Added test 'xmllint' to check XML markup files
[0.637s] -- Configuring done
[0.639s] -- Generating done
[0.640s] -- Build files have been written to: /home/sam/ros2_ws/build/samsavazzi_firstPackage
[0.642s] Invoked command in '/home/sam/ros2_ws/build/samsavazzi_firstPackage' returned '0': CMAKE_PREFIX_PATH=/opt/ros/foxy /usr/bin/cmake /home/sam/ros2_ws/src/samsavazzi_firstPackage -DCMAKE_INSTALL_PREFIX=/home/sam/ros2_ws/install/samsavazzi_firstPackage
[0.643s] Invoking command in '/home/sam/ros2_ws/build/samsavazzi_firstPackage': CMAKE_PREFIX_PATH=/opt/ros/foxy /usr/bin/cmake --build /home/sam/ros2_ws/build/samsavazzi_firstPackage -- -j4 -l4
[0.661s] [35m[1mScanning dependencies of target first_node[0m
[0.666s] [ 50%] [32mBuilding CXX object CMakeFiles/first_node.dir/src/first_node.cpp.o[0m
[0.690s] [100%] [32m[1mLinking CXX executable first_node[0m
[0.711s] [100%] Built target first_node
[0.716s] Invoked command in '/home/sam/ros2_ws/build/samsavazzi_firstPackage' returned '0': CMAKE_PREFIX_PATH=/opt/ros/foxy /usr/bin/cmake --build /home/sam/ros2_ws/build/samsavazzi_firstPackage -- -j4 -l4
[0.733s] Invoking command in '/home/sam/ros2_ws/build/samsavazzi_firstPackage': CMAKE_PREFIX_PATH=/opt/ros/foxy /usr/bin/cmake --install /home/sam/ros2_ws/build/samsavazzi_firstPackage
[0.737s] -- Install configuration: ""
[0.737s] -- Installing: /home/sam/ros2_ws/install/samsavazzi_firstPackage/lib/samsavazzi_firstPackage/first_node
[0.737s] -- Installing: /home/sam/ros2_ws/install/samsavazzi_firstPackage/share/ament_index/resource_index/package_run_dependencies/samsavazzi_firstPackage
[0.737s] -- Installing: /home/sam/ros2_ws/install/samsavazzi_firstPackage/share/ament_index/resource_index/parent_prefix_path/samsavazzi_firstPackage
[0.737s] -- Installing: /home/sam/ros2_ws/install/samsavazzi_firstPackage/share/samsavazzi_firstPackage/environment/ament_prefix_path.sh
[0.737s] -- Installing: /home/sam/ros2_ws/install/samsavazzi_firstPackage/share/samsavazzi_firstPackage/environment/ament_prefix_path.dsv
[0.737s] -- Installing: /home/sam/ros2_ws/install/samsavazzi_firstPackage/share/samsavazzi_firstPackage/environment/path.sh
[0.737s] -- Installing: /home/sam/ros2_ws/install/samsavazzi_firstPackage/share/samsavazzi_firstPackage/environment/path.dsv
[0.738s] -- Installing: /home/sam/ros2_ws/install/samsavazzi_firstPackage/share/samsavazzi_firstPackage/local_setup.bash
[0.738s] -- Installing: /home/sam/ros2_ws/install/samsavazzi_firstPackage/share/samsavazzi_firstPackage/local_setup.sh
[0.738s] -- Installing: /home/sam/ros2_ws/install/samsavazzi_firstPackage/share/samsavazzi_firstPackage/local_setup.zsh
[0.738s] -- Installing: /home/sam/ros2_ws/install/samsavazzi_firstPackage/share/samsavazzi_firstPackage/local_setup.dsv
[0.738s] -- Installing: /home/sam/ros2_ws/install/samsavazzi_firstPackage/share/samsavazzi_firstPackage/package.dsv
[0.738s] -- Installing: /home/sam/ros2_ws/install/samsavazzi_firstPackage/share/ament_index/resource_index/packages/samsavazzi_firstPackage
[0.738s] -- Installing: /home/sam/ros2_ws/install/samsavazzi_firstPackage/share/samsavazzi_firstPackage/cmake/samsavazzi_firstPackageConfig.cmake
[0.738s] -- Installing: /home/sam/ros2_ws/install/samsavazzi_firstPackage/share/samsavazzi_firstPackage/cmake/samsavazzi_firstPackageConfig-version.cmake
[0.738s] -- Installing: /home/sam/ros2_ws/install/samsavazzi_firstPackage/share/samsavazzi_firstPackage/package.xml
[0.739s] Invoked command in '/home/sam/ros2_ws/build/samsavazzi_firstPackage' returned '0': CMAKE_PREFIX_PATH=/opt/ros/foxy /usr/bin/cmake --install /home/sam/ros2_ws/build/samsavazzi_firstPackage
